[debug] [2022-10-27T15:38:00.818Z] ----------------------------------------------------------------------
[debug] [2022-10-27T15:38:00.822Z] Command:       C:\Program Files\nodejs\node.exe C:\Users\Lenovo\AppData\Roaming\npm\node_modules\firebase-tools\lib\bin\firebase.js init
[debug] [2022-10-27T15:38:00.823Z] CLI Version:   11.15.0
[debug] [2022-10-27T15:38:00.823Z] Platform:      win32
[debug] [2022-10-27T15:38:00.824Z] Node Version:  v16.15.1
[debug] [2022-10-27T15:38:00.825Z] Time:          Thu Oct 27 2022 21:38:00 GMT+0600 (Bangladesh Standard Time)
[debug] [2022-10-27T15:38:00.827Z] ----------------------------------------------------------------------
[debug] 
[debug] [2022-10-27T15:38:00.834Z] >>> [apiv2][query] GET https://firebase-public.firebaseio.com/cli.json [none]
[debug] [2022-10-27T15:38:00.887Z] > command requires scopes: ["email","openid","https://www.googleapis.com/auth/cloudplatformprojects.readonly","https://www.googleapis.com/auth/firebase","https://www.googleapis.com/auth/cloud-platform"]
[debug] [2022-10-27T15:38:00.888Z] > authorizing via signed-in user (meashik1000@gmail.com)
[info] 
     ######## #### ########  ######## ########     ###     ######  ########
     ##        ##  ##     ## ##       ##     ##  ##   ##  ##       ##
     ######    ##  ########  ######   ########  #########  ######  ######
     ##        ##  ##    ##  ##       ##     ## ##     ##       ## ##
     ##       #### ##     ## ######## ########  ##     ##  ######  ########

You're about to initialize a Firebase project in this directory:

  D:\web design and development\PROGRAMING HERO\Assignment 10\learnears-hut-client

[debug] [2022-10-27T15:38:01.613Z] <<< [apiv2][status] GET https://firebase-public.firebaseio.com/cli.json 200
[debug] [2022-10-27T15:38:01.614Z] <<< [apiv2][body] GET https://firebase-public.firebaseio.com/cli.json {"cloudBuildErrorAfter":1594252800000,"cloudBuildWarnAfter":1590019200000,"defaultNode10After":1594252800000,"minVersion":"3.0.5","node8DeploysDisabledAfter":1613390400000,"node8RuntimeDisabledAfter":1615809600000,"node8WarnAfter":1600128000000}
[info] 
=== Project Setup
[info] 
[info] First, let's associate this project directory with a Firebase project.
[info] You can create multiple project aliases by running firebase use --add, 
[info] but for now we'll just set up a default project.
[info] 
[info] i  If you want to create a project in a Google Cloud organization or folder, please use "firebase projects:create" instead, and return to this command when you've created the project. 
